<?xml version="1.0" encoding="UTF-8"?>
<!-- Generated by org.testng.reporters.JUnitReportReporter -->
<testsuite hostname="DKI-QASpecialist-PC" failures="0" tests="1" name="TestCases.Job_Details_CauseofLoss" time="369.398" errors="0" timestamp="2022-11-10T07:34:49 EST" skipped="0">
  <testcase classname="TestCases.Job_Details_CauseofLoss" name="Testcase1_CreateJob" time="369.398"/>
  <system-out/>
</testsuite> <!-- TestCases.Job_Details_CauseofLoss -->
