<?xml version="1.0" encoding="UTF-8"?>
<!-- Generated by org.testng.reporters.JUnitReportReporter -->
<testsuite hostname="DKI-QASpecialist-PC" failures="0" tests="1" name="TestCases.Job_Details_InternalStaff" time="107.035" errors="0" timestamp="2022-11-01T14:34:48 EDT" skipped="0">
  <testcase classname="TestCases.Job_Details_InternalStaff" name="Testcase1_CreateJob" time="107.035"/>
  <system-out/>
</testsuite> <!-- TestCases.Job_Details_InternalStaff -->
