<?xml version="1.0" encoding="UTF-8"?>
<!-- Generated by org.testng.reporters.JUnitReportReporter -->
<testsuite hostname="DKI-QASpecialist-PC" failures="0" tests="1" name="TestCases.Create_Job_Android" time="229.156" errors="0" timestamp="2022-10-27T13:40:34 EDT" skipped="0">
  <testcase classname="TestCases.Create_Job_Android" name="Testcase1_CreateJob" time="229.156"/>
  <system-out/>
</testsuite> <!-- TestCases.Create_Job_Android -->
