<?xml version="1.0" encoding="UTF-8"?>
<!-- Generated by org.testng.reporters.JUnitReportReporter -->
<testsuite hostname="DKI-QASpecialist-PC" failures="0" tests="1" name="TestCases.Job_Details_Subdetails" time="101.582" errors="0" timestamp="2022-10-27T15:14:23 EDT" skipped="0">
  <testcase classname="TestCases.Job_Details_Subdetails" name="Testcase1_CreateJob" time="101.582"/>
  <system-out/>
</testsuite> <!-- TestCases.Job_Details_Subdetails -->
