<?xml version="1.0" encoding="UTF-8"?>
<!-- Generated by org.testng.reporters.JUnitReportReporter -->
<testsuite hostname="DKI-QASpecialist-PC" failures="0" tests="1" name="TestCases.Job_Details_Subdetails" time="99.421" errors="0" timestamp="2022-10-31T13:41:53 EDT" skipped="0">
  <testcase classname="TestCases.Job_Details_Subdetails" name="Testcase1_CreateJob" time="99.421"/>
  <system-out/>
</testsuite> <!-- TestCases.Job_Details_Subdetails -->
