<?xml version="1.0" encoding="UTF-8"?>
<!-- Generated by org.testng.reporters.JUnitReportReporter -->
<testsuite hostname="DKI-QASpecialist-PC" failures="0" tests="1" name="TestCases.Job_Details_Statuses" time="132.007" errors="0" timestamp="2022-10-27T15:35:14 EDT" skipped="0">
  <testcase classname="TestCases.Job_Details_Statuses" name="Testcase1_CreateJob" time="132.007"/>
  <system-out/>
</testsuite> <!-- TestCases.Job_Details_Statuses -->
