<?xml version="1.0" encoding="UTF-8"?>
<!-- Generated by org.testng.reporters.JUnitReportReporter -->
<testsuite hostname="DKI-QASpecialist-PC" failures="0" tests="1" name="AndroidAppInstallation2" time="229.359" errors="0" timestamp="2022-08-22T13:24:58 EDT" skipped="0">
  <testcase classname="AndroidAppInstallation2" name="Testcase1_CreateJob" time="229.359"/>
  <system-out/>
</testsuite> <!-- AndroidAppInstallation2 -->
