<?xml version="1.0" encoding="UTF-8"?>
<!-- Generated by org.testng.reporters.JUnitReportReporter -->
<testsuite hostname="DKI-QASpecialist-PC" failures="0" tests="1" name="TestCases.Job_Details_SiteAccess" time="104.759" errors="0" timestamp="2022-11-01T16:31:33 EDT" skipped="0">
  <testcase classname="TestCases.Job_Details_SiteAccess" name="Testcase1_CreateJob" time="104.759"/>
  <system-out/>
</testsuite> <!-- TestCases.Job_Details_SiteAccess -->
