<?xml version="1.0" encoding="UTF-8"?>
<!-- Generated by org.testng.reporters.JUnitReportReporter -->
<testsuite hostname="DKI-QASpecialist-PC" failures="0" tests="1" name="TestCases.Job_Details_ClaimContacts" time="109.044" errors="0" timestamp="2022-10-07T10:58:20 EDT" skipped="0">
  <testcase classname="TestCases.Job_Details_ClaimContacts" name="Testcase1_CreateJob" time="109.044"/>
  <system-out/>
</testsuite> <!-- TestCases.Job_Details_ClaimContacts -->
