<?xml version="1.0" encoding="UTF-8"?>
<!-- Generated by org.testng.reporters.JUnitReportReporter -->
<testsuite hostname="DKI-QASpecialist-PC" failures="0" tests="1" name="TestCases.Job_Details_Rooms_Levels" time="165.130" errors="0" timestamp="2022-10-27T11:30:05 EDT" skipped="0">
  <testcase classname="TestCases.Job_Details_Rooms_Levels" name="Testcase1_CreateJob" time="165.130"/>
  <system-out/>
</testsuite> <!-- TestCases.Job_Details_Rooms_Levels -->
