<?xml version="1.0" encoding="UTF-8"?>
<!-- Generated by org.testng.reporters.JUnitReportReporter -->
<testsuite hostname="DKI-QASpecialist-PC" failures="0" tests="1" name="TestCases.Job_Details_Rooms_Levels" time="178.342" errors="0" timestamp="2022-11-01T14:45:04 EDT" skipped="0">
  <testcase classname="TestCases.Job_Details_Rooms_Levels" name="Testcase1_CreateJob" time="178.342"/>
  <system-out/>
</testsuite> <!-- TestCases.Job_Details_Rooms_Levels -->
