<?xml version="1.0" encoding="UTF-8"?>
<!-- Generated by org.testng.reporters.JUnitReportReporter -->
<testsuite hostname="DKI-QASpecialist-PC" failures="0" tests="1" name="TestCases.Create_Job_Android" time="231.510" errors="0" timestamp="2022-11-10T06:40:43 EST" skipped="0">
  <testcase classname="TestCases.Create_Job_Android" name="Testcase1_CreateJob" time="231.510"/>
  <system-out/>
</testsuite> <!-- TestCases.Create_Job_Android -->
